[ 2017-11-16T10:07:17+08:00 ] 127.0.0.1 /search/es/index
INFO: [ app_init ] --START--
INFO: Run Behavior\BuildLiteBehavior [ RunTime:0.000000s ]
INFO: [ app_init ] --END-- [ RunTime:0.001000s ]
INFO: [ app_begin ] --START--
INFO: Run Behavior\ReadHtmlCacheBehavior [ RunTime:0.001000s ]
INFO: [ app_begin ] --END-- [ RunTime:0.001000s ]

[ 2017-11-16T10:07:28+08:00 ] 127.0.0.1 /search/es/index
INFO: [ app_init ] --START--
INFO: Run Behavior\BuildLiteBehavior [ RunTime:0.000000s ]
INFO: [ app_init ] --END-- [ RunTime:0.000000s ]
INFO: [ app_begin ] --START--
INFO: Run Behavior\ReadHtmlCacheBehavior [ RunTime:0.001000s ]
INFO: [ app_begin ] --END-- [ RunTime:0.001000s ]
NOTIC: [2] Illegal string offset 'Price' D:\phpStudy\WWW\Search_Api3.0\Application\Search\Controller\EsController.class.php 第 1211 行.
NOTIC: [2] Illegal string offset 'Quantity' D:\phpStudy\WWW\Search_Api3.0\Application\Search\Controller\EsController.class.php 第 1217 行.
NOTIC: [2] Illegal string offset 'Price' D:\phpStudy\WWW\Search_Api3.0\Application\Search\Controller\EsController.class.php 第 1211 行.
NOTIC: [2] Illegal string offset 'Quantity' D:\phpStudy\WWW\Search_Api3.0\Application\Search\Controller\EsController.class.php 第 1217 行.
NOTIC: [2] Illegal string offset 'Quantity' D:\phpStudy\WWW\Search_Api3.0\Application\Search\Controller\EsController.class.php 第 1144 行.
NOTIC: [2] Illegal string offset 'Price' D:\phpStudy\WWW\Search_Api3.0\Application\Search\Controller\EsController.class.php 第 1145 行.
NOTIC: [2] Illegal string offset 'Quantity' D:\phpStudy\WWW\Search_Api3.0\Application\Search\Controller\EsController.class.php 第 1153 行.
NOTIC: [2] Illegal string offset 'Quantity' D:\phpStudy\WWW\Search_Api3.0\Application\Search\Controller\EsController.class.php 第 1144 行.
NOTIC: [2] Illegal string offset 'Price' D:\phpStudy\WWW\Search_Api3.0\Application\Search\Controller\EsController.class.php 第 1145 行.
NOTIC: [2] Illegal string offset 'Quantity' D:\phpStudy\WWW\Search_Api3.0\Application\Search\Controller\EsController.class.php 第 1153 行.

[ 2017-11-16T10:09:13+08:00 ] 127.0.0.1 /search/es/index
INFO: [ app_init ] --START--
INFO: Run Behavior\BuildLiteBehavior [ RunTime:0.000000s ]
INFO: [ app_init ] --END-- [ RunTime:0.001000s ]
INFO: [ app_begin ] --START--
INFO: Run Behavior\ReadHtmlCacheBehavior [ RunTime:0.001000s ]
INFO: [ app_begin ] --END-- [ RunTime:0.001000s ]
NOTIC: [2] Illegal string offset 'Price' D:\phpStudy\WWW\Search_Api3.0\Application\Search\Controller\EsController.class.php 第 1211 行.
NOTIC: [2] Illegal string offset 'Quantity' D:\phpStudy\WWW\Search_Api3.0\Application\Search\Controller\EsController.class.php 第 1217 行.
NOTIC: [2] Illegal string offset 'Price' D:\phpStudy\WWW\Search_Api3.0\Application\Search\Controller\EsController.class.php 第 1211 行.
NOTIC: [2] Illegal string offset 'Quantity' D:\phpStudy\WWW\Search_Api3.0\Application\Search\Controller\EsController.class.php 第 1217 行.
NOTIC: [2] Illegal string offset 'Quantity' D:\phpStudy\WWW\Search_Api3.0\Application\Search\Controller\EsController.class.php 第 1144 行.
NOTIC: [2] Illegal string offset 'Price' D:\phpStudy\WWW\Search_Api3.0\Application\Search\Controller\EsController.class.php 第 1145 行.
NOTIC: [2] Illegal string offset 'Quantity' D:\phpStudy\WWW\Search_Api3.0\Application\Search\Controller\EsController.class.php 第 1153 行.
NOTIC: [2] Illegal string offset 'Quantity' D:\phpStudy\WWW\Search_Api3.0\Application\Search\Controller\EsController.class.php 第 1144 行.
NOTIC: [2] Illegal string offset 'Price' D:\phpStudy\WWW\Search_Api3.0\Application\Search\Controller\EsController.class.php 第 1145 行.
NOTIC: [2] Illegal string offset 'Quantity' D:\phpStudy\WWW\Search_Api3.0\Application\Search\Controller\EsController.class.php 第 1153 行.
NOTIC: [2] Illegal offset type D:\phpStudy\WWW\Search_Api3.0\Application\Search\Controller\EsController.class.php 第 1306 行.
NOTIC: [2] Illegal offset type D:\phpStudy\WWW\Search_Api3.0\Application\Search\Controller\EsController.class.php 第 1307 行.

[ 2017-11-16T10:10:24+08:00 ] 127.0.0.1 /search/es/index
INFO: [ app_init ] --START--
INFO: Run Behavior\BuildLiteBehavior [ RunTime:0.000000s ]
INFO: [ app_init ] --END-- [ RunTime:0.001000s ]
INFO: [ app_begin ] --START--
INFO: Run Behavior\ReadHtmlCacheBehavior [ RunTime:0.001000s ]
INFO: [ app_begin ] --END-- [ RunTime:0.001000s ]
NOTIC: [2] Illegal string offset 'Price' D:\phpStudy\WWW\Search_Api3.0\Application\Search\Controller\EsController.class.php 第 1211 行.
NOTIC: [2] Illegal string offset 'Quantity' D:\phpStudy\WWW\Search_Api3.0\Application\Search\Controller\EsController.class.php 第 1217 行.
NOTIC: [2] Illegal string offset 'Price' D:\phpStudy\WWW\Search_Api3.0\Application\Search\Controller\EsController.class.php 第 1211 行.
NOTIC: [2] Illegal string offset 'Quantity' D:\phpStudy\WWW\Search_Api3.0\Application\Search\Controller\EsController.class.php 第 1217 行.
NOTIC: [2] Illegal string offset 'Quantity' D:\phpStudy\WWW\Search_Api3.0\Application\Search\Controller\EsController.class.php 第 1144 行.
NOTIC: [2] Illegal string offset 'Price' D:\phpStudy\WWW\Search_Api3.0\Application\Search\Controller\EsController.class.php 第 1145 行.
NOTIC: [2] Illegal string offset 'Quantity' D:\phpStudy\WWW\Search_Api3.0\Application\Search\Controller\EsController.class.php 第 1153 行.
NOTIC: [2] Illegal string offset 'Quantity' D:\phpStudy\WWW\Search_Api3.0\Application\Search\Controller\EsController.class.php 第 1144 行.
NOTIC: [2] Illegal string offset 'Price' D:\phpStudy\WWW\Search_Api3.0\Application\Search\Controller\EsController.class.php 第 1145 行.
NOTIC: [2] Illegal string offset 'Quantity' D:\phpStudy\WWW\Search_Api3.0\Application\Search\Controller\EsController.class.php 第 1153 行.

[ 2017-11-16T10:13:08+08:00 ] 127.0.0.1 /search/es/index
INFO: [ app_init ] --START--
INFO: Run Behavior\BuildLiteBehavior [ RunTime:0.000000s ]
INFO: [ app_init ] --END-- [ RunTime:0.001000s ]
INFO: [ app_begin ] --START--
INFO: Run Behavior\ReadHtmlCacheBehavior [ RunTime:0.001000s ]
INFO: [ app_begin ] --END-- [ RunTime:0.001000s ]
NOTIC: [2] Illegal string offset 'Price' D:\phpStudy\WWW\Search_Api3.0\Application\Search\Controller\EsController.class.php 第 1211 行.
NOTIC: [2] Illegal string offset 'Quantity' D:\phpStudy\WWW\Search_Api3.0\Application\Search\Controller\EsController.class.php 第 1217 行.
NOTIC: [2] Illegal string offset 'Price' D:\phpStudy\WWW\Search_Api3.0\Application\Search\Controller\EsController.class.php 第 1211 行.
NOTIC: [2] Illegal string offset 'Quantity' D:\phpStudy\WWW\Search_Api3.0\Application\Search\Controller\EsController.class.php 第 1217 行.
NOTIC: [2] Illegal string offset 'Quantity' D:\phpStudy\WWW\Search_Api3.0\Application\Search\Controller\EsController.class.php 第 1144 行.
NOTIC: [2] Illegal string offset 'Price' D:\phpStudy\WWW\Search_Api3.0\Application\Search\Controller\EsController.class.php 第 1145 行.
NOTIC: [2] Illegal string offset 'Quantity' D:\phpStudy\WWW\Search_Api3.0\Application\Search\Controller\EsController.class.php 第 1153 行.
NOTIC: [2] Illegal string offset 'Quantity' D:\phpStudy\WWW\Search_Api3.0\Application\Search\Controller\EsController.class.php 第 1144 行.
NOTIC: [2] Illegal string offset 'Price' D:\phpStudy\WWW\Search_Api3.0\Application\Search\Controller\EsController.class.php 第 1145 行.
NOTIC: [2] Illegal string offset 'Quantity' D:\phpStudy\WWW\Search_Api3.0\Application\Search\Controller\EsController.class.php 第 1153 行.

[ 2017-11-16T10:15:05+08:00 ] 127.0.0.1 /search/es/index
INFO: [ app_init ] --START--
INFO: Run Behavior\BuildLiteBehavior [ RunTime:0.001000s ]
INFO: [ app_init ] --END-- [ RunTime:0.001000s ]
INFO: [ app_begin ] --START--
INFO: Run Behavior\ReadHtmlCacheBehavior [ RunTime:0.000000s ]
INFO: [ app_begin ] --END-- [ RunTime:0.000000s ]
NOTIC: [2] Illegal string offset 'Price' D:\phpStudy\WWW\Search_Api3.0\Application\Search\Controller\EsController.class.php 第 1211 行.
NOTIC: [2] Illegal string offset 'Quantity' D:\phpStudy\WWW\Search_Api3.0\Application\Search\Controller\EsController.class.php 第 1217 行.
NOTIC: [2] Illegal string offset 'Price' D:\phpStudy\WWW\Search_Api3.0\Application\Search\Controller\EsController.class.php 第 1211 行.
NOTIC: [2] Illegal string offset 'Quantity' D:\phpStudy\WWW\Search_Api3.0\Application\Search\Controller\EsController.class.php 第 1217 行.
NOTIC: [2] Illegal string offset 'Quantity' D:\phpStudy\WWW\Search_Api3.0\Application\Search\Controller\EsController.class.php 第 1144 行.
NOTIC: [2] Illegal string offset 'Price' D:\phpStudy\WWW\Search_Api3.0\Application\Search\Controller\EsController.class.php 第 1145 行.
NOTIC: [2] Illegal string offset 'Quantity' D:\phpStudy\WWW\Search_Api3.0\Application\Search\Controller\EsController.class.php 第 1153 行.
NOTIC: [2] Illegal string offset 'Quantity' D:\phpStudy\WWW\Search_Api3.0\Application\Search\Controller\EsController.class.php 第 1144 行.
NOTIC: [2] Illegal string offset 'Price' D:\phpStudy\WWW\Search_Api3.0\Application\Search\Controller\EsController.class.php 第 1145 行.
NOTIC: [2] Illegal string offset 'Quantity' D:\phpStudy\WWW\Search_Api3.0\Application\Search\Controller\EsController.class.php 第 1153 行.

[ 2017-11-16T10:34:41+08:00 ] 127.0.0.1 /search/es/index
INFO: [ app_init ] --START--
INFO: Run Behavior\BuildLiteBehavior [ RunTime:0.000000s ]
INFO: [ app_init ] --END-- [ RunTime:0.000000s ]
INFO: [ app_begin ] --START--
INFO: Run Behavior\ReadHtmlCacheBehavior [ RunTime:0.000000s ]
INFO: [ app_begin ] --END-- [ RunTime:0.000000s ]
NOTIC: [2] Illegal string offset 'Price' D:\phpStudy\WWW\Search_Api3.0\Application\Search\Controller\EsController.class.php 第 1211 行.
NOTIC: [2] Illegal string offset 'Quantity' D:\phpStudy\WWW\Search_Api3.0\Application\Search\Controller\EsController.class.php 第 1217 行.
NOTIC: [2] Illegal string offset 'Price' D:\phpStudy\WWW\Search_Api3.0\Application\Search\Controller\EsController.class.php 第 1211 行.
NOTIC: [2] Illegal string offset 'Quantity' D:\phpStudy\WWW\Search_Api3.0\Application\Search\Controller\EsController.class.php 第 1217 行.
NOTIC: [2] Illegal string offset 'Quantity' D:\phpStudy\WWW\Search_Api3.0\Application\Search\Controller\EsController.class.php 第 1144 行.
NOTIC: [2] Illegal string offset 'Price' D:\phpStudy\WWW\Search_Api3.0\Application\Search\Controller\EsController.class.php 第 1145 行.
NOTIC: [2] Illegal string offset 'Quantity' D:\phpStudy\WWW\Search_Api3.0\Application\Search\Controller\EsController.class.php 第 1153 行.
NOTIC: [2] Illegal string offset 'Quantity' D:\phpStudy\WWW\Search_Api3.0\Application\Search\Controller\EsController.class.php 第 1144 行.
NOTIC: [2] Illegal string offset 'Price' D:\phpStudy\WWW\Search_Api3.0\Application\Search\Controller\EsController.class.php 第 1145 行.
NOTIC: [2] Illegal string offset 'Quantity' D:\phpStudy\WWW\Search_Api3.0\Application\Search\Controller\EsController.class.php 第 1153 行.

[ 2017-11-16T10:34:57+08:00 ] 127.0.0.1 /search/es/index
INFO: [ app_init ] --START--
INFO: Run Behavior\BuildLiteBehavior [ RunTime:0.000000s ]
INFO: [ app_init ] --END-- [ RunTime:0.001000s ]
INFO: [ app_begin ] --START--
INFO: Run Behavior\ReadHtmlCacheBehavior [ RunTime:0.000000s ]
INFO: [ app_begin ] --END-- [ RunTime:0.000000s ]
NOTIC: [2] Illegal string offset 'Price' D:\phpStudy\WWW\Search_Api3.0\Application\Search\Controller\EsController.class.php 第 1211 行.
NOTIC: [2] Illegal string offset 'Quantity' D:\phpStudy\WWW\Search_Api3.0\Application\Search\Controller\EsController.class.php 第 1217 行.
NOTIC: [2] Illegal string offset 'Price' D:\phpStudy\WWW\Search_Api3.0\Application\Search\Controller\EsController.class.php 第 1211 行.
NOTIC: [2] Illegal string offset 'Quantity' D:\phpStudy\WWW\Search_Api3.0\Application\Search\Controller\EsController.class.php 第 1217 行.
NOTIC: [2] Illegal string offset 'Quantity' D:\phpStudy\WWW\Search_Api3.0\Application\Search\Controller\EsController.class.php 第 1144 行.
NOTIC: [2] Illegal string offset 'Price' D:\phpStudy\WWW\Search_Api3.0\Application\Search\Controller\EsController.class.php 第 1145 行.
NOTIC: [2] Illegal string offset 'Quantity' D:\phpStudy\WWW\Search_Api3.0\Application\Search\Controller\EsController.class.php 第 1153 行.
NOTIC: [2] Illegal string offset 'Quantity' D:\phpStudy\WWW\Search_Api3.0\Application\Search\Controller\EsController.class.php 第 1144 行.
NOTIC: [2] Illegal string offset 'Price' D:\phpStudy\WWW\Search_Api3.0\Application\Search\Controller\EsController.class.php 第 1145 行.
NOTIC: [2] Illegal string offset 'Quantity' D:\phpStudy\WWW\Search_Api3.0\Application\Search\Controller\EsController.class.php 第 1153 行.

[ 2017-11-16T10:37:45+08:00 ] 127.0.0.1 /search/es/index
INFO: [ app_init ] --START--
INFO: Run Behavior\BuildLiteBehavior [ RunTime:0.000000s ]
INFO: [ app_init ] --END-- [ RunTime:0.003000s ]
INFO: [ app_begin ] --START--
INFO: Run Behavior\ReadHtmlCacheBehavior [ RunTime:0.001000s ]
INFO: [ app_begin ] --END-- [ RunTime:0.001000s ]
NOTIC: [2] Illegal string offset 'Price' D:\phpStudy\WWW\Search_Api3.0\Application\Search\Controller\EsController.class.php 第 1211 行.
NOTIC: [2] Illegal string offset 'Quantity' D:\phpStudy\WWW\Search_Api3.0\Application\Search\Controller\EsController.class.php 第 1217 行.
NOTIC: [2] Illegal string offset 'Price' D:\phpStudy\WWW\Search_Api3.0\Application\Search\Controller\EsController.class.php 第 1211 行.
NOTIC: [2] Illegal string offset 'Quantity' D:\phpStudy\WWW\Search_Api3.0\Application\Search\Controller\EsController.class.php 第 1217 行.
NOTIC: [2] Illegal string offset 'Quantity' D:\phpStudy\WWW\Search_Api3.0\Application\Search\Controller\EsController.class.php 第 1144 行.
NOTIC: [2] Illegal string offset 'Price' D:\phpStudy\WWW\Search_Api3.0\Application\Search\Controller\EsController.class.php 第 1145 行.
NOTIC: [2] Illegal string offset 'Quantity' D:\phpStudy\WWW\Search_Api3.0\Application\Search\Controller\EsController.class.php 第 1153 行.
NOTIC: [2] Illegal string offset 'Quantity' D:\phpStudy\WWW\Search_Api3.0\Application\Search\Controller\EsController.class.php 第 1144 行.
NOTIC: [2] Illegal string offset 'Price' D:\phpStudy\WWW\Search_Api3.0\Application\Search\Controller\EsController.class.php 第 1145 行.
NOTIC: [2] Illegal string offset 'Quantity' D:\phpStudy\WWW\Search_Api3.0\Application\Search\Controller\EsController.class.php 第 1153 行.

[ 2017-11-16T10:38:06+08:00 ] 127.0.0.1 /search/es/index
INFO: [ app_init ] --START--
INFO: Run Behavior\BuildLiteBehavior [ RunTime:0.000000s ]
INFO: [ app_init ] --END-- [ RunTime:0.001000s ]
INFO: [ app_begin ] --START--
INFO: Run Behavior\ReadHtmlCacheBehavior [ RunTime:0.000000s ]
INFO: [ app_begin ] --END-- [ RunTime:0.000000s ]
NOTIC: [2] Illegal string offset 'Price' D:\phpStudy\WWW\Search_Api3.0\Application\Search\Controller\EsController.class.php 第 1211 行.
NOTIC: [2] Illegal string offset 'Quantity' D:\phpStudy\WWW\Search_Api3.0\Application\Search\Controller\EsController.class.php 第 1217 行.
NOTIC: [2] Illegal string offset 'Price' D:\phpStudy\WWW\Search_Api3.0\Application\Search\Controller\EsController.class.php 第 1211 行.
NOTIC: [2] Illegal string offset 'Quantity' D:\phpStudy\WWW\Search_Api3.0\Application\Search\Controller\EsController.class.php 第 1217 行.
NOTIC: [2] Illegal string offset 'Quantity' D:\phpStudy\WWW\Search_Api3.0\Application\Search\Controller\EsController.class.php 第 1144 行.
NOTIC: [2] Illegal string offset 'Price' D:\phpStudy\WWW\Search_Api3.0\Application\Search\Controller\EsController.class.php 第 1145 行.
NOTIC: [2] Illegal string offset 'Quantity' D:\phpStudy\WWW\Search_Api3.0\Application\Search\Controller\EsController.class.php 第 1153 行.
NOTIC: [2] Illegal string offset 'Quantity' D:\phpStudy\WWW\Search_Api3.0\Application\Search\Controller\EsController.class.php 第 1144 行.
NOTIC: [2] Illegal string offset 'Price' D:\phpStudy\WWW\Search_Api3.0\Application\Search\Controller\EsController.class.php 第 1145 行.
NOTIC: [2] Illegal string offset 'Quantity' D:\phpStudy\WWW\Search_Api3.0\Application\Search\Controller\EsController.class.php 第 1153 行.

